2026-01-23 10:03:27.810 [main] INFO  c.d.b.a.BabyDevelopmentBackendApplication - Starting BabyDevelopmentBackendApplication using Java 17.0.14 with PID 12196 (C:\Users\a24027\Documents\GitHub\baby-development-backend\api\target\classes started by a24027 in C:\Users\a24027\Documents\GitHub\baby-development-backend)
2026-01-23 10:03:27.820 [main] DEBUG c.d.b.a.BabyDevelopmentBackendApplication - Running with Spring Boot v3.4.3, Spring v6.2.3
2026-01-23 10:03:27.822 [main] INFO  c.d.b.a.BabyDevelopmentBackendApplication - No active profile set, falling back to 1 default profile: "default"
2026-01-23 10:03:28.772 [main] INFO  o.s.d.r.c.RepositoryConfigurationDelegate - Multiple Spring Data modules found, entering strict repository configuration mode
2026-01-23 10:03:28.773 [main] INFO  o.s.d.r.c.RepositoryConfigurationDelegate - Bootstrapping Spring Data JPA repositories in DEFAULT mode.
2026-01-23 10:03:28.936 [main] INFO  o.s.d.r.c.RepositoryConfigurationDelegate - Finished Spring Data repository scanning in 149 ms. Found 14 JPA repository interfaces.
2026-01-23 10:03:29.302 [main] INFO  o.s.d.r.c.RepositoryConfigurationDelegate - Multiple Spring Data modules found, entering strict repository configuration mode
2026-01-23 10:03:29.304 [main] INFO  o.s.d.r.c.RepositoryConfigurationDelegate - Bootstrapping Spring Data Redis repositories in DEFAULT mode.
2026-01-23 10:03:29.345 [main] INFO  o.s.d.r.c.RepositoryConfigurationDelegate - Finished Spring Data repository scanning in 25 ms. Found 0 Redis repository interfaces.
2026-01-23 10:03:31.004 [main] INFO  o.s.b.w.e.tomcat.TomcatWebServer - Tomcat initialized with port 8080 (http)
2026-01-23 10:03:31.024 [main] INFO  o.a.coyote.http11.Http11NioProtocol - Initializing ProtocolHandler ["http-nio-8080"]
2026-01-23 10:03:31.030 [main] INFO  o.a.catalina.core.StandardService - Starting service [Tomcat]
2026-01-23 10:03:31.031 [main] INFO  o.a.catalina.core.StandardEngine - Starting Servlet engine: [Apache Tomcat/10.1.36]
2026-01-23 10:03:31.150 [main] INFO  o.a.c.c.C.[Tomcat].[localhost].[/] - Initializing Spring embedded WebApplicationContext
2026-01-23 10:03:31.151 [main] INFO  o.s.b.w.s.c.ServletWebServerApplicationContext - Root WebApplicationContext: initialization completed in 3227 ms
2026-01-23 10:03:31.988 [main] INFO  com.zaxxer.hikari.HikariDataSource - HikariPool-1 - Starting...
2026-01-23 10:03:37.967 [main] INFO  com.zaxxer.hikari.pool.HikariPool - HikariPool-1 - Added connection com.mysql.cj.jdbc.ConnectionImpl@686e7513
2026-01-23 10:03:37.970 [main] INFO  com.zaxxer.hikari.HikariDataSource - HikariPool-1 - Start completed.
2026-01-23 10:03:38.323 [main] INFO  org.flywaydb.core.FlywayExecutor - Database: jdbc:mysql://35.212.228.226:3306/baby_development (MySQL 5.5)
2026-01-23 10:03:40.808 [main] INFO  o.f.core.internal.command.DbValidate - Successfully validated 15 migrations (execution time 00:01.036s)
2026-01-23 10:03:42.814 [main] INFO  o.f.core.internal.command.DbMigrate - Current version of schema `baby_development`: 15
2026-01-23 10:03:42.961 [main] INFO  o.f.core.internal.command.DbMigrate - Schema `baby_development` is up to date. No migration necessary.
2026-01-23 10:03:44.078 [main] INFO  o.h.jpa.internal.util.LogHelper - HHH000204: Processing PersistenceUnitInfo [name: default]
2026-01-23 10:03:44.202 [main] INFO  org.hibernate.Version - HHH000412: Hibernate ORM core version 6.6.8.Final
2026-01-23 10:03:44.302 [main] INFO  o.h.c.i.RegionFactoryInitiator - HHH000026: Second-level cache disabled
2026-01-23 10:03:44.832 [main] INFO  o.s.o.j.p.SpringPersistenceUnitInfo - No LoadTimeWeaver setup: ignoring JPA class transformer
2026-01-23 10:03:45.190 [main] WARN  org.hibernate.dialect.Dialect - HHH000511: The 5.5.5 version for [org.hibernate.dialect.MySQLDialect] is no longer supported, hence certain features may not work properly. The minimum supported version is 8.0.0. Check the community dialects project for available legacy versions.
2026-01-23 10:03:45.211 [main] INFO  o.hibernate.orm.connections.pooling - HHH10001005: Database info:
	Database JDBC URL [Connecting through datasource 'HikariDataSource (HikariPool-1)']
	Database driver: undefined/unknown
	Database version: 5.5.5
	Autocommit mode: undefined/unknown
	Isolation level: undefined/unknown
	Minimum pool size: undefined/unknown
	Maximum pool size: undefined/unknown
2026-01-23 10:03:46.366 [main] INFO  o.h.e.t.j.p.i.JtaPlatformInitiator - HHH000489: No JTA platform available (set 'hibernate.transaction.jta.platform' to enable JTA platform integration)
2026-01-23 10:03:46.370 [main] INFO  o.s.o.j.LocalContainerEntityManagerFactoryBean - Initialized JPA EntityManagerFactory for persistence unit 'default'
2026-01-23 10:03:46.866 [main] DEBUG c.d.baby.api.config.JwtRequestFilter - Filter 'jwtRequestFilter' configured for use
2026-01-23 10:03:47.700 [main] INFO  o.s.s.c.a.a.c.InitializeUserDetailsBeanManagerConfigurer$InitializeUserDetailsManagerConfigurer - Global AuthenticationManager configured with UserDetailsService bean with name customUserDetailsService
2026-01-23 10:03:47.981 [main] INFO  o.s.d.j.r.query.QueryEnhancerFactory - Hibernate is in classpath; If applicable, HQL parser will be used.
2026-01-23 10:03:50.479 [main] WARN  o.s.b.a.o.j.JpaBaseConfiguration$JpaWebConfiguration - spring.jpa.open-in-view is enabled by default. Therefore, database queries may be performed during view rendering. Explicitly configure spring.jpa.open-in-view to disable this warning
2026-01-23 10:03:52.311 [main] INFO  o.s.v.b.OptionalValidatorFactoryBean - Failed to set up a Bean Validation provider: jakarta.validation.NoProviderFoundException: Unable to create a Configuration, because no Jakarta Bean Validation provider could be found. Add a provider like Hibernate Validator (RI) to your classpath.
2026-01-23 10:03:53.370 [main] INFO  o.a.coyote.http11.Http11NioProtocol - Starting ProtocolHandler ["http-nio-8080"]
2026-01-23 10:03:53.410 [main] INFO  o.s.b.w.e.tomcat.TomcatWebServer - Tomcat started on port 8080 (http) with context path '/'
2026-01-23 10:03:53.426 [main] INFO  c.d.b.a.BabyDevelopmentBackendApplication - Started BabyDevelopmentBackendApplication in 26.572 seconds (process running for 27.011)
2026-01-23 10:03:58.948 [http-nio-8080-exec-1] INFO  o.a.c.c.C.[Tomcat].[localhost].[/] - Initializing Spring DispatcherServlet 'dispatcherServlet'
2026-01-23 10:03:58.948 [http-nio-8080-exec-1] INFO  o.s.web.servlet.DispatcherServlet - Initializing Servlet 'dispatcherServlet'
2026-01-23 10:03:58.951 [http-nio-8080-exec-1] INFO  o.s.web.servlet.DispatcherServlet - Completed initialization in 1 ms
2026-01-23 10:03:59.522 [http-nio-8080-exec-9] INFO  c.d.b.a.aspect.RequestLoggingAspect - API_REQUEST - GET /v3/api-docs/swagger-config from 0:0:0:0:0:0:0:1
2026-01-23 10:03:59.562 [http-nio-8080-exec-9] DEBUG c.d.b.a.aspect.RequestLoggingAspect - REQUEST_PARAMS - [SecurityContextHolderAwareRequestWrapper[ org.springframework.security.web.header.HeaderWriterFilter$HeaderWriterRequest@5793ab2e]]
2026-01-23 10:03:59.563 [http-nio-8080-exec-9] INFO  c.d.b.a.aspect.RequestLoggingAspect - API_RESPONSE - GET /v3/api-docs/swagger-config completed in 44ms
2026-01-23 10:03:59.597 [http-nio-8080-exec-1] INFO  c.d.b.a.aspect.RequestLoggingAspect - API_REQUEST - GET /v3/api-docs from 0:0:0:0:0:0:0:1
2026-01-23 10:03:59.598 [http-nio-8080-exec-1] DEBUG c.d.b.a.aspect.RequestLoggingAspect - REQUEST_PARAMS - [SecurityContextHolderAwareRequestWrapper[ org.springframework.security.web.header.HeaderWriterFilter$HeaderWriterRequest@7a34d06e], "/v3/api-docs", "zh_TW"]
2026-01-23 10:04:01.240 [http-nio-8080-exec-1] INFO  o.s.api.AbstractOpenApiResource - Init duration for springdoc-openapi is: 1640 ms
2026-01-23 10:04:01.356 [http-nio-8080-exec-1] INFO  c.d.b.a.aspect.RequestLoggingAspect - API_RESPONSE - GET /v3/api-docs completed in 1759ms
